<?xml version="1.0" encoding="UTF-8"?>
<testng-results ignored="0" total="1" passed="1" failed="0" skipped="0">
  <reporter-output>
  </reporter-output>
  <suite started-at="2023-03-05T16:27:35 EST" name="Default suite" finished-at="2023-03-05T16:27:36 EST" duration-ms="741">
    <groups>
    </groups>
    <test started-at="2023-03-05T16:27:35 EST" name="Default test" finished-at="2023-03-05T16:27:36 EST" duration-ms="741">
      <class name="com.qa.tests.PostAPITest">
        <test-method is-config="true" signature="setUp()[pri:0, instance:com.qa.tests.PostAPITest@77f80c04]" started-at="2023-03-05T16:27:35 EST" name="setUp" finished-at="2023-03-05T16:27:35 EST" duration-ms="3" status="PASS">
          <reporter-output>
          </reporter-output>
        </test-method> <!-- setUp -->
        <test-method signature="postAPITest()[pri:0, instance:com.qa.tests.PostAPITest@77f80c04]" started-at="2023-03-05T16:27:35 EST" name="postAPITest" finished-at="2023-03-05T16:27:36 EST" duration-ms="720" status="PASS">
          <reporter-output>
          </reporter-output>
        </test-method> <!-- postAPITest -->
      </class> <!-- com.qa.tests.PostAPITest -->
    </test> <!-- Default test -->
  </suite> <!-- Default suite -->
</testng-results>
